G75*
%MOIN*%
%OFA0B0*%
%FSLAX24Y24*%
%IPPOS*%
%LPD*%
%AMOC8*
5,1,8,0,0,1.08239X$1,22.5*
%
%ADD10C,0.0000*%
%ADD11C,0.0050*%
D10*
X001800Y000422D02*
X030540Y000422D01*
X030612Y000424D01*
X030684Y000430D01*
X030756Y000439D01*
X030827Y000452D01*
X030897Y000469D01*
X030966Y000489D01*
X031034Y000514D01*
X031100Y000541D01*
X031166Y000572D01*
X031229Y000607D01*
X031291Y000644D01*
X031350Y000685D01*
X031407Y000729D01*
X031462Y000776D01*
X031514Y000826D01*
X031564Y000878D01*
X031611Y000933D01*
X031655Y000990D01*
X031696Y001049D01*
X031733Y001111D01*
X031768Y001174D01*
X031799Y001240D01*
X031826Y001306D01*
X031851Y001374D01*
X031871Y001443D01*
X031888Y001513D01*
X031901Y001584D01*
X031910Y001656D01*
X031916Y001728D01*
X031918Y001800D01*
X031918Y012233D01*
X016170Y012233D01*
X016170Y010068D01*
X004359Y010068D01*
X004359Y012233D01*
X000422Y012233D01*
X000422Y001800D01*
X000424Y001728D01*
X000430Y001656D01*
X000439Y001584D01*
X000452Y001513D01*
X000469Y001443D01*
X000489Y001374D01*
X000514Y001306D01*
X000541Y001240D01*
X000572Y001174D01*
X000607Y001111D01*
X000644Y001049D01*
X000685Y000990D01*
X000729Y000933D01*
X000776Y000878D01*
X000826Y000826D01*
X000878Y000776D01*
X000933Y000729D01*
X000990Y000685D01*
X001049Y000644D01*
X001111Y000607D01*
X001174Y000572D01*
X001240Y000541D01*
X001306Y000514D01*
X001374Y000489D01*
X001443Y000469D01*
X001513Y000452D01*
X001584Y000439D01*
X001656Y000430D01*
X001728Y000424D01*
X001800Y000422D01*
D11*
X016544Y005265D02*
X017174Y005265D01*
X017174Y006603D01*
X016544Y006603D01*
X016544Y005265D01*
X020619Y001820D02*
X020619Y001190D01*
X021957Y001190D01*
X021957Y001820D01*
X020619Y001820D01*
X025402Y005265D02*
X026032Y005265D01*
X026032Y006603D01*
X025402Y006603D01*
X025402Y005265D01*
X021957Y010048D02*
X020619Y010048D01*
X020619Y010678D01*
X021957Y010678D01*
X021957Y010048D01*
M02*
